# JRE version: OpenJDK Runtime Environment (8.0_372-b07) (build 1.8.0_372-b07)
# Java VM: OpenJDK 64-Bit Server VM (25.372-b07 mixed mode windows-amd64 compressed oops)
Heap:
 PSYoungGen      total 133632K, used 2293K [0x000000072af80000, 0x0000000734480000, 0x00000007c0000000)
  eden space 114688K, 2% used [0x000000072af80000,0x000000072b1bd720,0x0000000731f80000)
  from space 18944K, 0% used [0x0000000733200000,0x0000000733200000,0x0000000734480000)
  to   space 18944K, 0% used [0x0000000731f80000,0x0000000731f80000,0x0000000733200000)
 ParOldGen       total 306176K, used 6899K [0x0000000600e00000, 0x0000000613900000, 0x000000072af80000)
  object space 306176K, 2% used [0x0000000600e00000,0x00000006014bcdb8,0x0000000613900000)
 Metaspace       used 9139K, capacity 9330K, committed 9344K, reserved 1058816K
  class space    used 809K, capacity 890K, committed 896K, reserved 1048576K
GC Heap History (10 events):
Event: 1.899 GC heap before
{Heap before GC invocations=24 (full 12):
 PSYoungGen      total 133632K, used 638K [0x000000072af80000, 0x0000000734480000, 0x00000007c0000000)
  eden space 114688K, 0% used [0x000000072af80000,0x000000072af80000,0x0000000731f80000)
  from space 18944K, 3% used [0x0000000733200000,0x000000073329faf8,0x0000000734480000)
  to   space 18944K, 0% used [0x0000000731f80000,0x0000000731f80000,0x0000000733200000)
 ParOldGen       total 306176K, used 5794K [0x0000000600e00000, 0x0000000613900000, 0x000000072af80000)
  object space 306176K, 1% used [0x0000000600e00000,0x00000006013a8b18,0x0000000613900000)
 Metaspace       used 8738K, capacity 8946K, committed 9088K, reserved 1056768K
  class space    used 801K, capacity 890K, committed 896K, reserved 1048576K
Event: 1.942 GC heap after
Heap after GC invocations=24 (full 12):
 PSYoungGen      total 133632K, used 0K [0x000000072af80000, 0x0000000734480000, 0x00000007c0000000)
  eden space 114688K, 0% used [0x000000072af80000,0x000000072af80000,0x0000000731f80000)
  from space 18944K, 0% used [0x0000000733200000,0x0000000733200000,0x0000000734480000)
  to   space 18944K, 0% used [0x0000000731f80000,0x0000000731f80000,0x0000000733200000)
 ParOldGen       total 306176K, used 4903K [0x0000000600e00000, 0x0000000613900000, 0x000000072af80000)
  object space 306176K, 1% used [0x0000000600e00000,0x00000006012c9c50,0x0000000613900000)
 Metaspace       used 8738K, capacity 8946K, committed 9088K, reserved 1056768K
  class space    used 801K, capacity 890K, committed 896K, reserved 1048576K
}
Event: 1.943 GC heap before
{Heap before GC invocations=25 (full 12):
 PSYoungGen      total 133632K, used 2293K [0x000000072af80000, 0x0000000734480000, 0x00000007c0000000)
  eden space 114688K, 2% used [0x000000072af80000,0x000000072b1bd720,0x0000000731f80000)
  from space 18944K, 0% used [0x0000000733200000,0x0000000733200000,0x0000000734480000)
  to   space 18944K, 0% used [0x0000000731f80000,0x0000000731f80000,0x0000000733200000)
 ParOldGen       total 306176K, used 4903K [0x0000000600e00000, 0x0000000613900000, 0x000000072af80000)
  object space 306176K, 1% used [0x0000000600e00000,0x00000006012c9c50,0x0000000613900000)
 Metaspace       used 8738K, capacity 8946K, committed 9088K, reserved 1056768K
  class space    used 801K, capacity 890K, committed 896K, reserved 1048576K
Event: 1.944 GC heap after
Heap after GC invocations=25 (full 12):
 PSYoungGen      total 133632K, used 96K [0x000000072af80000, 0x0000000734480000, 0x00000007c0000000)
  eden space 114688K, 0% used [0x000000072af80000,0x000000072af80000,0x0000000731f80000)
  from space 18944K, 0% used [0x0000000731f80000,0x0000000731f98000,0x0000000733200000)
  to   space 18944K, 0% used [0x0000000733200000,0x0000000733200000,0x0000000734480000)
 ParOldGen       total 306176K, used 4903K [0x0000000600e00000, 0x0000000613900000, 0x000000072af80000)
  object space 306176K, 1% used [0x0000000600e00000,0x00000006012c9c50,0x0000000613900000)
 Metaspace       used 8738K, capacity 8946K, committed 9088K, reserved 1056768K
  class space    used 801K, capacity 890K, committed 896K, reserved 1048576K
}
Event: 1.944 GC heap before
{Heap before GC invocations=26 (full 13):
 PSYoungGen      total 133632K, used 96K [0x000000072af80000, 0x0000000734480000, 0x00000007c0000000)
  eden space 114688K, 0% used [0x000000072af80000,0x000000072af80000,0x0000000731f80000)
  from space 18944K, 0% used [0x0000000731f80000,0x0000000731f98000,0x0000000733200000)
  to   space 18944K, 0% used [0x0000000733200000,0x0000000733200000,0x0000000734480000)
 ParOldGen       total 306176K, used 4903K [0x0000000600e00000, 0x0000000613900000, 0x000000072af80000)
  object space 306176K, 1% used [0x0000000600e00000,0x00000006012c9c50,0x0000000613900000)
 Metaspace       used 8738K, capacity 8946K, committed 9088K, reserved 1056768K
  class space    used 801K, capacity 890K, committed 896K, reserved 1048576K
Event: 1.957 GC heap after
Heap after GC invocations=26 (full 13):
 PSYoungGen      total 133632K, used 0K [0x000000072af80000, 0x0000000734480000, 0x00000007c0000000)
  eden space 114688K, 0% used [0x000000072af80000,0x000000072af80000,0x0000000731f80000)
  from space 18944K, 0% used [0x0000000731f80000,0x0000000731f80000,0x0000000733200000)
  to   space 18944K, 0% used [0x0000000733200000,0x0000000733200000,0x0000000734480000)
 ParOldGen       total 306176K, used 4789K [0x0000000600e00000, 0x0000000613900000, 0x000000072af80000)
  object space 306176K, 1% used [0x0000000600e00000,0x00000006012ad500,0x0000000613900000)
 Metaspace       used 8738K, capacity 8946K, committed 9088K, reserved 1056768K
  class space    used 801K, capacity 890K, committed 896K, reserved 1048576K
}
Event: 1.972 GC heap before
{Heap before GC invocations=27 (full 13):
 PSYoungGen      total 133632K, used 2805K [0x000000072af80000, 0x0000000734480000, 0x00000007c0000000)
  eden space 114688K, 2% used [0x000000072af80000,0x000000072b23d738,0x0000000731f80000)
  from space 18944K, 0% used [0x0000000731f80000,0x0000000731f80000,0x0000000733200000)
  to   space 18944K, 0% used [0x0000000733200000,0x0000000733200000,0x0000000734480000)
 ParOldGen       total 306176K, used 4789K [0x0000000600e00000, 0x0000000613900000, 0x000000072af80000)
  object space 306176K, 1% used [0x0000000600e00000,0x00000006012ad500,0x0000000613900000)
 Metaspace       used 8754K, capacity 8946K, committed 9088K, reserved 1056768K
  class space    used 803K, capacity 890K, committed 896K, reserved 1048576K
Event: 1.974 GC heap after
Heap after GC invocations=27 (full 13):
 PSYoungGen      total 133632K, used 2234K [0x000000072af80000, 0x0000000734480000, 0x00000007c0000000)
  eden space 114688K, 0% used [0x000000072af80000,0x000000072af80000,0x0000000731f80000)
  from space 18944K, 11% used [0x0000000733200000,0x000000073342e838,0x0000000734480000)
  to   space 18944K, 0% used [0x0000000731f80000,0x0000000731f80000,0x0000000733200000)
 ParOldGen       total 306176K, used 4789K [0x0000000600e00000, 0x0000000613900000, 0x000000072af80000)
  object space 306176K, 1% used [0x0000000600e00000,0x00000006012ad500,0x0000000613900000)
 Metaspace       used 8754K, capacity 8946K, committed 9088K, reserved 1056768K
  class space    used 803K, capacity 890K, committed 896K, reserved 1048576K
}
Event: 1.974 GC heap before
{Heap before GC invocations=28 (full 14):
 PSYoungGen      total 133632K, used 2234K [0x000000072af80000, 0x0000000734480000, 0x00000007c0000000)
  eden space 114688K, 0% used [0x000000072af80000,0x000000072af80000,0x0000000731f80000)
  from space 18944K, 11% used [0x0000000733200000,0x000000073342e838,0x0000000734480000)
  to   space 18944K, 0% used [0x0000000731f80000,0x0000000731f80000,0x0000000733200000)
 ParOldGen       total 306176K, used 4789K [0x0000000600e00000, 0x0000000613900000, 0x000000072af80000)
  object space 306176K, 1% used [0x0000000600e00000,0x00000006012ad500,0x0000000613900000)
 Metaspace       used 8754K, capacity 8946K, committed 9088K, reserved 1056768K
  class space    used 803K, capacity 890K, committed 896K, reserved 1048576K
Event: 1.992 GC heap after
Heap after GC invocations=28 (full 14):
 PSYoungGen      total 133632K, used 0K [0x000000072af80000, 0x0000000734480000, 0x00000007c0000000)
  eden space 114688K, 0% used [0x000000072af80000,0x000000072af80000,0x0000000731f80000)
  from space 18944K, 0% used [0x0000000733200000,0x0000000733200000,0x0000000734480000)
  to   space 18944K, 0% used [0x0000000731f80000,0x0000000731f80000,0x0000000733200000)
 ParOldGen       total 306176K, used 6899K [0x0000000600e00000, 0x0000000613900000, 0x000000072af80000)
  object space 306176K, 2% used [0x0000000600e00000,0x00000006014bcdb8,0x0000000613900000)
 Metaspace       used 8754K, capacity 8946K, committed 9088K, reserved 1056768K
  class space    used 803K, capacity 890K, committed 896K, reserved 1048576K
}

